c:\users\76886\desktop\stardew-valley\stardewvalley\proj.win32\debug.win32\helloworldscene.obj
c:\users\76886\desktop\stardew-valley\stardewvalley\proj.win32\debug.win32\shopmanager.obj
c:\users\76886\desktop\stardew-valley\stardewvalley\proj.win32\debug.win32\cave.obj
c:\users\76886\desktop\stardew-valley\stardewvalley\proj.win32\debug.win32\authorlistscene.obj
c:\users\76886\desktop\stardew-valley\stardewvalley\proj.win32\debug.win32\tasklayer.obj
c:\users\76886\desktop\stardew-valley\stardewvalley\proj.win32\debug.win32\animal.obj
c:\users\76886\desktop\stardew-valley\stardewvalley\proj.win32\debug.win32\npcrelationship.obj
c:\users\76886\desktop\stardew-valley\stardewvalley\proj.win32\debug.win32\shopitem.obj
c:\users\76886\desktop\stardew-valley\stardewvalley\proj.win32\debug.win32\itemmanager.obj
c:\users\76886\desktop\stardew-valley\stardewvalley\proj.win32\debug.win32\npcmanager.obj
c:\users\76886\desktop\stardew-valley\stardewvalley\proj.win32\debug.win32\npc.obj
c:\users\76886\desktop\stardew-valley\stardewvalley\proj.win32\debug.win32\item.obj
c:\users\76886\desktop\stardew-valley\stardewvalley\proj.win32\debug.win32\seasonmanager.obj
c:\users\76886\desktop\stardew-valley\stardewvalley\proj.win32\debug.win32\mainmap.obj
c:\users\76886\desktop\stardew-valley\stardewvalley\proj.win32\debug.win32\fishingmanager.obj
c:\users\76886\desktop\stardew-valley\stardewvalley\proj.win32\debug.win32\player.obj
c:\users\76886\desktop\stardew-valley\stardewvalley\proj.win32\debug.win32\bringmine.obj
c:\users\76886\desktop\stardew-valley\stardewvalley\proj.win32\debug.win32\taskmanager.obj
c:\users\76886\desktop\stardew-valley\stardewvalley\proj.win32\debug.win32\backpacklayer.obj
c:\users\76886\desktop\stardew-valley\stardewvalley\proj.win32\debug.win32\crop.obj
c:\users\76886\desktop\stardew-valley\stardewvalley\proj.win32\debug.win32\resourcemanager.obj
c:\users\76886\desktop\stardew-valley\stardewvalley\proj.win32\debug.win32\animalmanager.obj
c:\users\76886\desktop\stardew-valley\stardewvalley\proj.win32\debug.win32\main.obj
c:\users\76886\desktop\stardew-valley\stardewvalley\proj.win32\debug.win32\farmmanager.obj
c:\users\76886\desktop\stardew-valley\stardewvalley\proj.win32\debug.win32\shoplayer.obj
c:\users\76886\desktop\stardew-valley\stardewvalley\proj.win32\debug.win32\backpackmanager.obj
c:\users\76886\desktop\stardew-valley\stardewvalley\proj.win32\debug.win32\npctask.obj
c:\users\76886\desktop\stardew-valley\stardewvalley\proj.win32\debug.win32\appdelegate.obj
c:\users\76886\desktop\stardew-valley\stardewvalley\proj.win32\debug.win32\shopitemmanager.obj
c:\users\76886\desktop\stardew-valley\stardewvalley\proj.win32\debug.win32\vc143.pdb
c:\users\76886\desktop\stardew-valley\stardewvalley\proj.win32\debug.win32\eventmanager.obj
c:\users\76886\desktop\stardew-valley\stardewvalley\proj.win32\debug.win32\taskitem.obj
c:\users\76886\desktop\stardew-valley\stardewvalley\proj.win32\debug.win32\taskitemmanager.obj
c:\users\76886\desktop\stardew-valley\stardewvalley\proj.win32\debug.win32\helpscene.obj
c:\users\76886\desktop\stardew-valley\stardewvalley\proj.win32\debug.win32\vc143.idb
c:\users\76886\desktop\stardew-valley\stardewvalley\proj.win32\debug.win32\game.res
c:\users\76886\desktop\stardew-valley\stardewvalley\proj.win32\debug.win32\stardewvalley.lib
c:\users\76886\desktop\stardew-valley\stardewvalley\proj.win32\debug.win32\stardewvalley.exp
c:\users\76886\desktop\stardew-valley\stardewvalley\proj.win32\debug.win32\stardewvalley.ilk
c:\users\76886\desktop\stardew-valley\stardewvalley\proj.win32\debug.win32\event.obj
c:\users\76886\desktop\stardew-valley\stardewvalley\proj.win32\debug.win32\libcocos2d.exp
c:\users\76886\desktop\stardew-valley\stardewvalley\proj.win32\debug.win32\libspine.idb
c:\users\76886\desktop\stardew-valley\stardewvalley\proj.win32\debug.win32\libcocos2d.pdb
c:\users\76886\desktop\stardew-valley\stardewvalley\proj.win32\debug.win32\librecast.pdb
c:\users\76886\desktop\stardew-valley\stardewvalley\proj.win32\debug.win32\libspine.pdb
c:\users\76886\desktop\stardew-valley\stardewvalley\proj.win32\debug.win32\stardewvalley.pdb
c:\users\76886\desktop\stardew-valley\stardewvalley\proj.win32\debug.win32\stardewvalley.tlog\cl.command.1.tlog
c:\users\76886\desktop\stardew-valley\stardewvalley\proj.win32\debug.win32\stardewvalley.tlog\cl.items.tlog
c:\users\76886\desktop\stardew-valley\stardewvalley\proj.win32\debug.win32\stardewvalley.tlog\cl.read.1.tlog
c:\users\76886\desktop\stardew-valley\stardewvalley\proj.win32\debug.win32\stardewvalley.tlog\cl.write.1.tlog
c:\users\76886\desktop\stardew-valley\stardewvalley\proj.win32\debug.win32\stardewvalley.tlog\link.35496-cvtres.read.1.tlog
c:\users\76886\desktop\stardew-valley\stardewvalley\proj.win32\debug.win32\stardewvalley.tlog\link.35496-cvtres.write.1.tlog
c:\users\76886\desktop\stardew-valley\stardewvalley\proj.win32\debug.win32\stardewvalley.tlog\link.35496-rc.read.1.tlog
c:\users\76886\desktop\stardew-valley\stardewvalley\proj.win32\debug.win32\stardewvalley.tlog\link.35496-rc.write.1.tlog
c:\users\76886\desktop\stardew-valley\stardewvalley\proj.win32\debug.win32\stardewvalley.tlog\link.35496.read.1.tlog
c:\users\76886\desktop\stardew-valley\stardewvalley\proj.win32\debug.win32\stardewvalley.tlog\link.35496.write.1.tlog
c:\users\76886\desktop\stardew-valley\stardewvalley\proj.win32\debug.win32\stardewvalley.tlog\link.command.1.tlog
c:\users\76886\desktop\stardew-valley\stardewvalley\proj.win32\debug.win32\stardewvalley.tlog\link.read.1.tlog
c:\users\76886\desktop\stardew-valley\stardewvalley\proj.win32\debug.win32\stardewvalley.tlog\link.secondary.1.tlog
c:\users\76886\desktop\stardew-valley\stardewvalley\proj.win32\debug.win32\stardewvalley.tlog\link.write.1.tlog
c:\users\76886\desktop\stardew-valley\stardewvalley\proj.win32\debug.win32\stardewvalley.tlog\rc.command.1.tlog
c:\users\76886\desktop\stardew-valley\stardewvalley\proj.win32\debug.win32\stardewvalley.tlog\rc.read.1.tlog
c:\users\76886\desktop\stardew-valley\stardewvalley\proj.win32\debug.win32\stardewvalley.tlog\rc.write.1.tlog
